<?xml version="1.0" encoding="UTF-8"?>
<!-- Generated by org.testng.reporters.JUnitXMLReporter -->
<testsuite hostname="Naga-Laptop" ignored="1" name="Test" tests="2" failures="0" timestamp="14 Jun 2018 01:36:27 GMT" time="23.425" errors="0">
  <testcase name="testNewToursLogin" time="5.371" classname="scripts.TC4"/>
  <testcase name="testNewToursLoginExcel" time="6.957" classname="scripts.TC5"/>
  <testcase name="@BeforeTest report" time="0.0" classname="config.StartBrowser">
    <ignored/>
  </testcase> <!-- @BeforeTest report -->
</testsuite> <!-- Test -->
