<?xml version="1.0" encoding="UTF-8"?>
<testng-results skipped="0" failed="0" ignored="1" total="3" passed="2">
  <reporter-output>
  </reporter-output>
  <suite name="Suite" duration-ms="23425" started-at="2018-06-14T01:36:04Z" finished-at="2018-06-14T01:36:27Z">
    <groups>
    </groups>
    <test name="Test" duration-ms="23425" started-at="2018-06-14T01:36:04Z" finished-at="2018-06-14T01:36:27Z">
      <class name="scripts.TC4">
        <test-method status="PASS" signature="report()[pri:0, instance:scripts.TC4@569cfc36]" name="report" is-config="true" duration-ms="240" started-at="2018-06-14T01:36:04Z" finished-at="2018-06-14T01:36:04Z">
          <reporter-output>
          </reporter-output>
        </test-method> <!-- report -->
        <test-method status="PASS" signature="beforeClass()[pri:0, instance:scripts.TC4@569cfc36]" name="beforeClass" is-config="true" duration-ms="4680" started-at="2018-06-14T01:36:04Z" finished-at="2018-06-14T01:36:09Z">
          <reporter-output>
          </reporter-output>
        </test-method> <!-- beforeClass -->
        <test-method status="PASS" signature="method(java.lang.reflect.Method)[pri:0, instance:scripts.TC4@569cfc36]" name="method" is-config="true" duration-ms="6" started-at="2018-06-14T01:36:09Z" finished-at="2018-06-14T01:36:09Z">
          <params>
            <param index="0">
              <value>
                <![CDATA[public void scripts.TC4.testNewToursLogin() throws java.lang.Exception]]>
              </value>
            </param>
          </params>
          <reporter-output>
          </reporter-output>
        </test-method> <!-- method -->
        <test-method status="PASS" signature="testNewToursLogin()[pri:0, instance:scripts.TC4@569cfc36]" name="testNewToursLogin" duration-ms="5371" started-at="2018-06-14T01:36:09Z" finished-at="2018-06-14T01:36:14Z">
          <reporter-output>
          </reporter-output>
        </test-method> <!-- testNewToursLogin -->
        <test-method status="PASS" signature="afterClass()[pri:0, instance:scripts.TC4@569cfc36]" name="afterClass" is-config="true" duration-ms="1158" started-at="2018-06-14T01:36:14Z" finished-at="2018-06-14T01:36:15Z">
          <reporter-output>
          </reporter-output>
        </test-method> <!-- afterClass -->
      </class> <!-- scripts.TC4 -->
      <class name="scripts.TC5">
        <test-method status="PASS" signature="beforeClass()[pri:0, instance:scripts.TC5@43bd930a]" name="beforeClass" is-config="true" duration-ms="3734" started-at="2018-06-14T01:36:15Z" finished-at="2018-06-14T01:36:19Z">
          <reporter-output>
          </reporter-output>
        </test-method> <!-- beforeClass -->
        <test-method status="PASS" signature="method(java.lang.reflect.Method)[pri:0, instance:scripts.TC5@43bd930a]" name="method" is-config="true" duration-ms="1" started-at="2018-06-14T01:36:19Z" finished-at="2018-06-14T01:36:19Z">
          <params>
            <param index="0">
              <value>
                <![CDATA[public void scripts.TC5.testNewToursLoginExcel() throws java.lang.Exception]]>
              </value>
            </param>
          </params>
          <reporter-output>
          </reporter-output>
        </test-method> <!-- method -->
        <test-method status="PASS" signature="testNewToursLoginExcel()[pri:0, instance:scripts.TC5@43bd930a]" name="testNewToursLoginExcel" duration-ms="6957" started-at="2018-06-14T01:36:19Z" finished-at="2018-06-14T01:36:26Z">
          <reporter-output>
          </reporter-output>
        </test-method> <!-- testNewToursLoginExcel -->
        <test-method status="PASS" signature="afterClass()[pri:0, instance:scripts.TC5@43bd930a]" name="afterClass" is-config="true" duration-ms="1241" started-at="2018-06-14T01:36:26Z" finished-at="2018-06-14T01:36:27Z">
          <reporter-output>
          </reporter-output>
        </test-method> <!-- afterClass -->
      </class> <!-- scripts.TC5 -->
    </test> <!-- Test -->
  </suite> <!-- Suite -->
</testng-results>
